<?xml version="1.0" encoding="UTF-8"?>
<!-- Generated by org.testng.reporters.JUnitReportReporter -->
<testsuite hostname="Eszter" failures="0" tests="1" name="test.automationtestproject.OpenBrowser" time="4.479" errors="0" timestamp="2024-09-29T00:51:05 BST" skipped="0">
  <testcase classname="test.automationtestproject.OpenBrowser" name="openbrowser" time="4.479"/>
  <system-out/>
</testsuite> <!-- test.automationtestproject.OpenBrowser -->
